#
# A fatal error has been detected by the Java Runtime Environment:
#
#  SIGBUS (0xa) at pc=0x000000010c06ed41, pid=722, tid=0x0000000000012763
#
# JRE version: Java(TM) SE Runtime Environment (8.0_144-b01) (build 1.8.0_144-b01)
# Java VM: Java HotSpot(TM) 64-Bit Server VM (25.144-b01 mixed mode bsd-amd64 compressed oops)
# Problematic frame:
# V  [libjvm.dylib+0x46ed41]
#
# Failed to write core dump. Core dumps have been disabled. To enable core dumping, try "ulimit -c unlimited" before starting Java again
#
# If you would like to submit a bug report, please visit:
#   http://bugreport.java.com/bugreport/crash.jsp
#

---------------  T H R E A D  ---------------

Current thread (0x00007ff24dbfa000):  JavaThread "pool-2-thread-918" [_thread_in_vm, id=75619, stack(0x000070000f013000,0x000070000f413000)]

siginfo: si_signo: 10 (SIGBUS), si_code: 2 (BUS_ADRERR), si_addr: 0x000000011e158f30

Registers:
RAX=0x000000011e158f30, RBX=0x000070000f4114a8, RCX=0x000000011e152c20, RDX=0x0000000000000000
RSP=0x000070000f4113c0, RBP=0x000070000f4113c0, RSI=0x000000011e1532e4, RDI=0x000000011e1526d0
R8 =0x00000000000006c4, R9 =0x00000000f71bc6c7, R10=0x00000007b8de3658, R11=0x00000000e802c9fe
R12=0x000070000f4114e0, R13=0x000070000f4114a8, R14=0x00007ff24dbfa000, R15=0x000070000f4114a8
RIP=0x000000010c06ed41, EFLAGS=0x0000000000010202, ERR=0x0000000000000004
  TRAPNO=0x000000000000000e

Top of Stack: (sp=0x000070000f4113c0)
0x000070000f4113c0:   000070000f411400 000000010bd43675
0x000070000f4113d0:   000070000f411400 000000010be4cc26
0x000070000f4113e0:   000070000f411410 000070000f4114e0
0x000070000f4113f0:   000070000f411410 00007ff24dbfa000
0x000070000f411400:   000070000f411490 000000010bd43864
0x000070000f411410:   000070000f412610 000000011e1532e4
0x000070000f411420:   000000011e1526d0 0000700000000000
0x000070000f411430:   00000007400d44a0 000070000f412610
0x000070000f411440:   000070000f412370 0000000119d4709a
0x000070000f411450:   0000000119d46fd0 0000000100000000
0x000070000f411460:   0000000000000000 000070000f412370
0x000070000f411470:   00007ff24dbfa000 00007ff24dbfa000
0x000070000f411480:   000070000f411b88 000070000f411b84
0x000070000f411490:   000070000f411b00 000000010c0e790c
0x000070000f4114a0:   00007000000000b6 000070000f412610
0x000070000f4114b0:   000000011e1532e4 000000011e1526d0
0x000070000f4114c0:   00007ff200000000 00000007400d44a0
0x000070000f4114d0:   000070000f412610 00007ff24dbfa000
0x000070000f4114e0:   0000000111d38230 0000000111d38698
0x000070000f4114f0:   0000000111d38698 00007ff24dbfa000
0x000070000f411500:   00007ff24dbfa000 000070000f411538
0x000070000f411510:   000070000f411c18 00007ff253354268
0x000070000f411520:   74616c736e617274 00616c6163732e65
0x000070000f411530:   00000007b8de2620 000070000f4126a0
0x000070000f411540:   000000011ce08e24 000000011ce08490
0x000070000f411550:   0000000000000000 00000007400d44a0
0x000070000f411560:   000070000f4126a0 00007ff24dbfa000
0x000070000f411570:   00000000e8121470 0000000119fad0ec
0x000070000f411580:   00000007b8ddadb8 000000011c716b24
0x000070000f411590:   00000007b8de2828 00000007290e5080
0x000070000f4115a0:   00000007b8ddad80 00000007b8ddae10
0x000070000f4115b0:   f71bb5a5f71bb5b7 00000007c0517ca0 

Instructions: (pc=0x000000010c06ed41)
0x000000010c06ed21:   01 00 90 55 48 89 e5 48 8b 87 00 01 00 00 48 85
0x000000010c06ed31:   c0 74 17 48 63 4f 20 48 01 f9 49 89 f0 49 29 c8
0x000000010c06ed41:   48 63 08 4c 39 c1 75 02 5d c3 0f b6 c2 89 c2 5d
0x000000010c06ed51:   e9 94 aa ff ff 55 48 89 e5 41 56 53 48 89 fb 48 

Register to memory mapping:

RAX=0x000000011e158f30 is at entry_point+25360 in (nmethod*)0x000000011e1526d0
RBX=0x000070000f4114a8 is pointing into the stack for thread: 0x00007ff24dbfa000
RCX=0x000000011e152c20 is at entry_point+0 in (nmethod*)0x000000011e1526d0
RDX=0x0000000000000000 is an unknown value
RSP=0x000070000f4113c0 is pointing into the stack for thread: 0x00007ff24dbfa000
RBP=0x000070000f4113c0 is pointing into the stack for thread: 0x00007ff24dbfa000
RSI=0x000000011e1532e4 is at entry_point+1732 in (nmethod*)0x000000011e1526d0
RDI=0x000000011e1526d0 is at entry_point+-1360 in (nmethod*)0x000000011e1526d0
R8 =0x00000000000006c4 is an unknown value
R9 =0x00000000f71bc6c7 is an unknown value
R10=0x00000007b8de3658 is an oop
